
> build
> vite build

vite v7.1.5 building for production...
[plugin @laravel/vite-plugin-wayfinder] Types generated for actions, routes, form variants

/patterns/grid.svg referenced in /patterns/grid.svg didn't resolve at build time, it will remain unchanged to be resolved at runtime

/patterns/hero-pattern.svg referenced in /patterns/hero-pattern.svg didn't resolve at build time, it will remain unchanged to be resolved at runtime
transforming...
✓ 6 modules transformed.
✗ Build failed in 23.87s
error during build:
[vite:react-babel] /home/juan-loze/Documents/Compact/agency-v2/resources/js/pages/dashboard/transactions/Transactions.tsx: Unexpected token, expected "," (430:18)

  428 |               {paymentRequests?.links?.map((link, index) => (
  429 |                   key={index}
> 430 |                   className={`px-3 py-2 rounded-lg text-sm font-medium transition-all duration-200 ${
      |                   ^
  431 |                     link.active 
  432 |                       ? 'bg-amber-500 text-white shadow-lg shadow-amber-500/30' 
  433 |                       : 'text-slate-600 hover:bg-amber-100 hover:text-amber-700'
file: /home/juan-loze/Documents/Compact/agency-v2/resources/js/pages/dashboard/transactions/Transactions.tsx:430:18
    at constructor (/home/juan-loze/Documents/Compact/agency-v2/node_modules/@babel/parser/lib/index.js:367:19)
    at TypeScriptParserMixin.raise (/home/juan-loze/Documents/Compact/agency-v2/node_modules/@babel/parser/lib/index.js:6630:19)
    at TypeScriptParserMixin.unexpected (/home/juan-loze/Documents/Compact/agency-v2/node_modules/@babel/parser/lib/index.js:6650:16)
    at TypeScriptParserMixin.expect (/home/juan-loze/Documents/Compact/agency-v2/node_modules/@babel/parser/lib/index.js:6930:12)
    at TypeScriptParserMixin.parseParenAndDistinguishExpression (/home/juan-loze/Documents/Compact/agency-v2/node_modules/@babel/parser/lib/index.js:11669:14)
    at TypeScriptParserMixin.parseExprAtom (/home/juan-loze/Documents/Compact/agency-v2/node_modules/@babel/parser/lib/index.js:11335:23)
    at TypeScriptParserMixin.parseExprAtom (/home/juan-loze/Documents/Compact/agency-v2/node_modules/@babel/parser/lib/index.js:4797:20)
    at TypeScriptParserMixin.parseExprSubscripts (/home/juan-loze/Documents/Compact/agency-v2/node_modules/@babel/parser/lib/index.js:11085:23)
    at TypeScriptParserMixin.parseUpdate (/home/juan-loze/Documents/Compact/agency-v2/node_modules/@babel/parser/lib/index.js:11070:21)
    at TypeScriptParserMixin.parseMaybeUnary (/home/juan-loze/Documents/Compact/agency-v2/node_modules/@babel/parser/lib/index.js:11050:23)
    at TypeScriptParserMixin.parseMaybeUnary (/home/juan-loze/Documents/Compact/agency-v2/node_modules/@babel/parser/lib/index.js:9857:18)
    at TypeScriptParserMixin.parseMaybeUnaryOrPrivate (/home/juan-loze/Documents/Compact/agency-v2/node_modules/@babel/parser/lib/index.js:10903:61)
    at TypeScriptParserMixin.parseExprOps (/home/juan-loze/Documents/Compact/agency-v2/node_modules/@babel/parser/lib/index.js:10908:23)
    at TypeScriptParserMixin.parseMaybeConditional (/home/juan-loze/Documents/Compact/agency-v2/node_modules/@babel/parser/lib/index.js:10885:23)
    at TypeScriptParserMixin.parseMaybeAssign (/home/juan-loze/Documents/Compact/agency-v2/node_modules/@babel/parser/lib/index.js:10835:21)
    at TypeScriptParserMixin.parseMaybeAssign (/home/juan-loze/Documents/Compact/agency-v2/node_modules/@babel/parser/lib/index.js:9806:20)
    at TypeScriptParserMixin.parseFunctionBody (/home/juan-loze/Documents/Compact/agency-v2/node_modules/@babel/parser/lib/index.js:12103:24)
    at TypeScriptParserMixin.parseArrowExpression (/home/juan-loze/Documents/Compact/agency-v2/node_modules/@babel/parser/lib/index.js:12085:10)
    at TypeScriptParserMixin.parseParenAndDistinguishExpression (/home/juan-loze/Documents/Compact/agency-v2/node_modules/@babel/parser/lib/index.js:11695:12)
    at TypeScriptParserMixin.parseExprAtom (/home/juan-loze/Documents/Compact/agency-v2/node_modules/@babel/parser/lib/index.js:11335:23)
    at TypeScriptParserMixin.parseExprAtom (/home/juan-loze/Documents/Compact/agency-v2/node_modules/@babel/parser/lib/index.js:4797:20)
    at TypeScriptParserMixin.parseExprSubscripts (/home/juan-loze/Documents/Compact/agency-v2/node_modules/@babel/parser/lib/index.js:11085:23)
    at TypeScriptParserMixin.parseUpdate (/home/juan-loze/Documents/Compact/agency-v2/node_modules/@babel/parser/lib/index.js:11070:21)
    at TypeScriptParserMixin.parseMaybeUnary (/home/juan-loze/Documents/Compact/agency-v2/node_modules/@babel/parser/lib/index.js:11050:23)
    at TypeScriptParserMixin.parseMaybeUnary (/home/juan-loze/Documents/Compact/agency-v2/node_modules/@babel/parser/lib/index.js:9857:18)
    at TypeScriptParserMixin.parseMaybeUnaryOrPrivate (/home/juan-loze/Documents/Compact/agency-v2/node_modules/@babel/parser/lib/index.js:10903:61)
    at TypeScriptParserMixin.parseExprOps (/home/juan-loze/Documents/Compact/agency-v2/node_modules/@babel/parser/lib/index.js:10908:23)
    at TypeScriptParserMixin.parseMaybeConditional (/home/juan-loze/Documents/Compact/agency-v2/node_modules/@babel/parser/lib/index.js:10885:23)
    at TypeScriptParserMixin.parseMaybeAssign (/home/juan-loze/Documents/Compact/agency-v2/node_modules/@babel/parser/lib/index.js:10835:21)
    at TypeScriptParserMixin.parseMaybeAssign (/home/juan-loze/Documents/Compact/agency-v2/node_modules/@babel/parser/lib/index.js:9806:20)
    at /home/juan-loze/Documents/Compact/agency-v2/node_modules/@babel/parser/lib/index.js:10804:39
    at TypeScriptParserMixin.allowInAnd (/home/juan-loze/Documents/Compact/agency-v2/node_modules/@babel/parser/lib/index.js:12436:12)
    at TypeScriptParserMixin.parseMaybeAssignAllowIn (/home/juan-loze/Documents/Compact/agency-v2/node_modules/@babel/parser/lib/index.js:10804:17)
    at TypeScriptParserMixin.parseMaybeAssignAllowInOrVoidPattern (/home/juan-loze/Documents/Compact/agency-v2/node_modules/@babel/parser/lib/index.js:12503:17)
    at TypeScriptParserMixin.parseExprListItem (/home/juan-loze/Documents/Compact/agency-v2/node_modules/@babel/parser/lib/index.js:12185:18)
    at TypeScriptParserMixin.parseCallExpressionArguments (/home/juan-loze/Documents/Compact/agency-v2/node_modules/@babel/parser/lib/index.js:11256:22)
    at TypeScriptParserMixin.parseCoverCallAndAsyncArrowHead (/home/juan-loze/Documents/Compact/agency-v2/node_modules/@babel/parser/lib/index.js:11190:29)
    at TypeScriptParserMixin.parseSubscript (/home/juan-loze/Documents/Compact/agency-v2/node_modules/@babel/parser/lib/index.js:11124:19)
    at TypeScriptParserMixin.parseSubscript (/home/juan-loze/Documents/Compact/agency-v2/node_modules/@babel/parser/lib/index.js:9358:18)
    at TypeScriptParserMixin.parseSubscripts (/home/juan-loze/Documents/Compact/agency-v2/node_modules/@babel/parser/lib/index.js:11098:19)
    at TypeScriptParserMixin.parseExprSubscripts (/home/juan-loze/Documents/Compact/agency-v2/node_modules/@babel/parser/lib/index.js:11089:17)
    at TypeScriptParserMixin.parseUpdate (/home/juan-loze/Documents/Compact/agency-v2/node_modules/@babel/parser/lib/index.js:11070:21)
    at TypeScriptParserMixin.parseMaybeUnary (/home/juan-loze/Documents/Compact/agency-v2/node_modules/@babel/parser/lib/index.js:11050:23)
    at TypeScriptParserMixin.parseMaybeUnary (/home/juan-loze/Documents/Compact/agency-v2/node_modules/@babel/parser/lib/index.js:9857:18)
    at TypeScriptParserMixin.parseMaybeUnaryOrPrivate (/home/juan-loze/Documents/Compact/agency-v2/node_modules/@babel/parser/lib/index.js:10903:61)
    at TypeScriptParserMixin.parseExprOps (/home/juan-loze/Documents/Compact/agency-v2/node_modules/@babel/parser/lib/index.js:10908:23)
    at TypeScriptParserMixin.parseMaybeConditional (/home/juan-loze/Documents/Compact/agency-v2/node_modules/@babel/parser/lib/index.js:10885:23)
    at TypeScriptParserMixin.parseMaybeAssign (/home/juan-loze/Documents/Compact/agency-v2/node_modules/@babel/parser/lib/index.js:10835:21)
    at TypeScriptParserMixin.parseMaybeAssign (/home/juan-loze/Documents/Compact/agency-v2/node_modules/@babel/parser/lib/index.js:9806:20)
    at TypeScriptParserMixin.parseExpressionBase (/home/juan-loze/Documents/Compact/agency-v2/node_modules/@babel/parser/lib/index.js:10788:23)
